<?xml version="1.0" encoding="UTF-8"?>
<coverage generated="1663063241969" clover="3.2.0">
  <project timestamp="1663063241970" name="All files">
    <metrics statements="14" coveredstatements="12" conditionals="27" coveredconditionals="17" methods="4" coveredmethods="3" elements="45" coveredelements="32" complexity="0" loc="14" ncloc="14" packages="1" files="1" classes="1"/>
    <file name="ItemContainer.jsx" path="D:\chonglin\shop-front\src\views\Account\Subscription\components\ItemContainer\ItemContainer.jsx">
      <metrics statements="14" coveredstatements="12" conditionals="27" coveredconditionals="17" methods="4" coveredmethods="3"/>
      <line num="18" count="1" type="stmt"/>
      <line num="19" count="1" type="stmt"/>
      <line num="21" count="1" type="stmt"/>
      <line num="22" count="3" type="stmt"/>
      <line num="24" count="3" type="stmt"/>
      <line num="26" count="3" type="stmt"/>
      <line num="57" count="3" type="stmt"/>
      <line num="169" count="0" type="stmt"/>
      <line num="170" count="0" type="stmt"/>
      <line num="192" count="1" type="stmt"/>
      <line num="193" count="3" type="cond" truecount="3" falsecount="0"/>
      <line num="195" count="1" type="stmt"/>
      <line num="202" count="1" type="stmt"/>
      <line num="209" count="1" type="stmt"/>
    </file>
  </project>
</coverage>
