{"C:\\Users\\Administrator\\Desktop\\shop-front\\src\\views\\ResetFailure\\index.js": {"path":"C:\\Users\\Administrator\\Desktop\\shop-front\\src\\views\\ResetFailure\\index.js","statementMap":{"0":{"start":{"line":5,"column":21},"end":{"line":42,"column":1}},"1":{"start":{"line":6,"column":2},"end":{"line":41,"column":4}},"2":{"start":{"line":24,"column":14},"end":{"line":24,"column":38}},"3":{"start":{"line":32,"column":14},"end":{"line":32,"column":42}}},"fnMap":{"0":{"name":"(anonymous_0)","decl":{"start":{"line":5,"column":21},"end":{"line":5,"column":22}},"loc":{"start":{"line":5,"column":38},"end":{"line":42,"column":1}},"line":5},"1":{"name":"(anonymous_1)","decl":{"start":{"line":23,"column":21},"end":{"line":23,"column":22}},"loc":{"start":{"line":23,"column":27},"end":{"line":25,"column":13}},"line":23},"2":{"name":"(anonymous_2)","decl":{"start":{"line":31,"column":21},"end":{"line":31,"column":22}},"loc":{"start":{"line":31,"column":27},"end":{"line":33,"column":13}},"line":31}},"branchMap":{},"s":{"0":1,"1":1,"2":1,"3":1},"f":{"0":1,"1":1,"2":1},"b":{},"_coverageSchema":"1a1c01bbd47fc00a2c39e90264f33305004495a9","hash":"84789a33b3d33e4326ba796df21b7ba2f075bb65"}
}
