TN:
SF:src\views\Details\components\DailyPortion\index.jsx
FN:406,DailyPortion
FN:444,(anonymous_1)
FN:449,(anonymous_2)
FN:450,(anonymous_3)
FN:452,(anonymous_4)
FN:453,(anonymous_5)
FN:458,(anonymous_6)
FN:461,(anonymous_7)
FN:464,(anonymous_8)
FN:475,(anonymous_9)
FN:522,(anonymous_10)
FN:529,(anonymous_11)
FN:534,(anonymous_12)
FN:539,(anonymous_13)
FN:543,(anonymous_14)
FN:547,(anonymous_15)
FN:555,(anonymous_16)
FN:565,(anonymous_17)
FN:571,(anonymous_18)
FN:580,(anonymous_19)
FN:589,(anonymous_20)
FN:598,(anonymous_21)
FN:607,(anonymous_22)
FN:616,(anonymous_23)
FN:708,(anonymous_24)
FN:733,(anonymous_25)
FN:735,(anonymous_26)
FN:738,(anonymous_27)
FN:740,(anonymous_28)
FN:742,(anonymous_29)
FN:744,(anonymous_30)
FN:745,(anonymous_31)
FN:746,(anonymous_32)
FN:876,(anonymous_33)
FN:887,(anonymous_34)
FN:932,(anonymous_35)
FN:947,(anonymous_36)
FN:982,(anonymous_37)
FN:1033,(anonymous_38)
FNF:39
FNH:35
FNDA:35,DailyPortion
FNDA:5,(anonymous_1)
FNDA:40,(anonymous_2)
FNDA:5,(anonymous_3)
FNDA:5,(anonymous_4)
FNDA:15,(anonymous_5)
FNDA:5,(anonymous_6)
FNDA:5,(anonymous_7)
FNDA:5,(anonymous_8)
FNDA:15,(anonymous_9)
FNDA:12,(anonymous_10)
FNDA:21,(anonymous_11)
FNDA:5,(anonymous_12)
FNDA:0,(anonymous_13)
FNDA:1,(anonymous_14)
FNDA:2,(anonymous_15)
FNDA:6,(anonymous_16)
FNDA:1,(anonymous_17)
FNDA:1,(anonymous_18)
FNDA:2,(anonymous_19)
FNDA:2,(anonymous_20)
FNDA:1,(anonymous_21)
FNDA:1,(anonymous_22)
FNDA:1,(anonymous_23)
FNDA:1,(anonymous_24)
FNDA:35,(anonymous_25)
FNDA:105,(anonymous_26)
FNDA:140,(anonymous_27)
FNDA:35,(anonymous_28)
FNDA:210,(anonymous_29)
FNDA:175,(anonymous_30)
FNDA:70,(anonymous_31)
FNDA:245,(anonymous_32)
FNDA:1,(anonymous_33)
FNDA:0,(anonymous_34)
FNDA:1,(anonymous_35)
FNDA:5,(anonymous_36)
FNDA:0,(anonymous_37)
FNDA:0,(anonymous_38)
DA:37,1
DA:378,1
DA:405,1
DA:415,35
DA:416,35
DA:417,35
DA:418,35
DA:419,35
DA:420,35
DA:421,35
DA:422,35
DA:423,35
DA:424,35
DA:425,35
DA:426,35
DA:427,35
DA:432,35
DA:434,35
DA:435,35
DA:436,35
DA:437,35
DA:438,35
DA:439,35
DA:440,35
DA:441,35
DA:442,35
DA:444,35
DA:448,5
DA:449,40
DA:450,5
DA:452,5
DA:453,5
DA:454,15
DA:456,5
DA:458,5
DA:459,5
DA:461,5
DA:462,5
DA:464,5
DA:465,5
DA:467,5
DA:472,5
DA:475,35
DA:476,15
DA:477,15
DA:478,15
DA:479,15
DA:480,15
DA:481,9
DA:482,9
DA:483,9
DA:484,9
DA:485,9
DA:488,6
DA:490,15
DA:492,15
DA:500,15
DA:508,15
DA:522,35
DA:523,12
DA:528,12
DA:529,21
DA:530,12
DA:534,35
DA:535,5
DA:536,5
DA:539,35
DA:540,0
DA:541,0
DA:543,35
DA:544,1
DA:545,1
DA:547,35
DA:548,2
DA:549,2
DA:550,2
DA:551,2
DA:553,2
DA:554,2
DA:555,6
DA:557,2
DA:558,0
DA:560,2
DA:565,35
DA:566,1
DA:567,1
DA:568,1
DA:571,35
DA:572,1
DA:573,1
DA:580,35
DA:581,2
DA:582,2
DA:589,35
DA:590,2
DA:591,2
DA:598,35
DA:599,1
DA:600,1
DA:607,35
DA:608,1
DA:609,1
DA:616,35
DA:617,1
DA:623,1
DA:624,1
DA:626,1
DA:645,1
DA:646,1
DA:654,1
DA:658,0
DA:660,1
DA:664,0
DA:667,1
DA:668,1
DA:669,1
DA:670,1
DA:671,1
DA:673,1
DA:677,1
DA:683,1
DA:684,1
DA:685,1
DA:687,0
DA:688,0
DA:689,0
DA:690,0
DA:692,0
DA:693,0
DA:694,0
DA:697,1
DA:703,0
DA:704,0
DA:708,35
DA:710,1
DA:711,1
DA:713,1
DA:714,1
DA:715,1
DA:716,1
DA:717,1
DA:718,1
DA:719,1
DA:720,1
DA:721,1
DA:723,1
DA:725,1
DA:733,35
DA:734,35
DA:735,105
DA:737,35
DA:738,140
DA:740,35
DA:741,35
DA:742,210
DA:744,175
DA:745,70
DA:746,245
DA:748,35
DA:749,35
DA:750,35
DA:751,35
DA:756,35
DA:758,3
DA:759,3
DA:760,3
DA:761,3
DA:763,3
DA:764,3
DA:766,3
DA:767,3
DA:769,3
DA:771,23
DA:772,23
DA:775,35
DA:777,29
DA:860,5
DA:876,1
DA:887,0
DA:899,1
DA:932,1
DA:943,0
DA:947,35
DA:948,5
DA:950,5
DA:955,5
DA:957,5
DA:958,5
DA:961,0
DA:982,35
DA:983,0
DA:984,0
DA:985,0
DA:988,35
DA:1033,0
LF:195
LH:174
BRDA:407,0,0,0
BRDA:408,1,0,35
BRDA:409,2,0,35
BRDA:410,3,0,35
BRDA:411,4,0,0
BRDA:479,5,0,15
BRDA:479,5,1,15
BRDA:480,6,0,9
BRDA:480,6,1,6
BRDA:481,7,0,9
BRDA:481,7,1,9
BRDA:483,8,0,9
BRDA:483,8,1,0
BRDA:493,9,0,15
BRDA:493,9,1,8
BRDA:493,9,2,7
BRDA:493,9,3,4
BRDA:493,9,4,2
BRDA:493,9,5,1
BRDA:528,10,0,12
BRDA:528,10,1,0
BRDA:530,11,0,12
BRDA:530,11,1,2
BRDA:535,12,0,0
BRDA:535,12,1,5
BRDA:549,13,0,2
BRDA:549,13,1,0
BRDA:550,14,0,2
BRDA:550,14,1,2
BRDA:557,15,0,0
BRDA:557,15,1,2
BRDA:557,16,0,2
BRDA:557,16,1,0
BRDA:557,16,2,2
BRDA:557,16,3,2
BRDA:565,17,0,0
BRDA:573,18,0,1
BRDA:573,18,1,1
BRDA:582,19,0,2
BRDA:582,19,1,2
BRDA:591,20,0,2
BRDA:591,20,1,2
BRDA:600,21,0,1
BRDA:600,21,1,1
BRDA:609,22,0,1
BRDA:609,22,1,1
BRDA:617,23,0,1
BRDA:617,23,1,1
BRDA:623,24,0,1
BRDA:623,24,1,1
BRDA:628,25,0,1
BRDA:628,25,1,0
BRDA:639,26,0,0
BRDA:639,26,1,1
BRDA:640,27,0,0
BRDA:640,27,1,1
BRDA:641,28,0,0
BRDA:641,28,1,1
BRDA:645,29,0,1
BRDA:645,29,1,0
BRDA:654,30,0,0
BRDA:654,30,1,1
BRDA:655,31,0,1
BRDA:655,31,1,0
BRDA:660,32,0,0
BRDA:660,32,1,1
BRDA:661,33,0,1
BRDA:661,33,1,0
BRDA:671,34,0,1
BRDA:671,34,1,0
BRDA:671,34,2,0
BRDA:674,35,0,1
BRDA:674,35,1,0
BRDA:675,36,0,1
BRDA:675,36,1,0
BRDA:697,37,0,1
BRDA:697,37,1,1
BRDA:708,38,0,0
BRDA:710,39,0,1
BRDA:710,39,1,0
BRDA:725,40,0,1
BRDA:725,40,1,1
BRDA:725,40,2,1
BRDA:748,41,0,35
BRDA:748,41,1,20
BRDA:756,42,0,3
BRDA:756,42,1,3
BRDA:756,42,2,3
BRDA:756,42,3,3
BRDA:756,42,4,23
BRDA:759,43,0,0
BRDA:759,43,1,3
BRDA:760,44,0,0
BRDA:760,44,1,3
BRDA:763,45,0,0
BRDA:763,45,1,3
BRDA:766,46,0,0
BRDA:766,46,1,3
BRDA:775,47,0,29
BRDA:775,47,1,5
BRDA:775,47,2,1
BRDA:775,47,3,0
BRDA:785,48,0,29
BRDA:785,48,1,0
BRDA:786,49,0,29
BRDA:786,49,1,0
BRDA:797,50,0,29
BRDA:797,50,1,0
BRDA:800,51,0,29
BRDA:800,51,1,0
BRDA:806,52,0,29
BRDA:806,52,1,0
BRDA:813,53,0,0
BRDA:813,53,1,29
BRDA:824,54,0,29
BRDA:824,54,1,0
BRDA:831,55,0,29
BRDA:831,55,1,0
BRDA:832,56,0,29
BRDA:832,56,1,0
BRDA:839,57,0,29
BRDA:839,57,1,0
BRDA:841,58,0,29
BRDA:841,58,1,0
BRDA:850,59,0,29
BRDA:850,59,1,2
BRDA:864,60,0,5
BRDA:864,60,1,0
BRDA:866,61,0,5
BRDA:866,61,1,0
BRDA:922,62,0,1
BRDA:922,62,1,0
BRDA:922,63,0,1
BRDA:922,63,1,0
BRDA:948,64,0,0
BRDA:948,64,1,5
BRDA:952,65,0,5
BRDA:952,65,1,5
BRDA:957,66,0,5
BRDA:957,66,1,0
BRDA:958,67,0,5
BRDA:958,67,1,0
BRDA:995,68,0,35
BRDA:995,68,1,0
BRF:144
BRH:96
end_of_record
