TN:
SF:src\views\Account\SubscriptionDetail\components\SubGoodsInfos\index.js
FN:25,(anonymous_0)
FN:52,(anonymous_1)
FN:56,(anonymous_2)
FN:61,(anonymous_3)
FN:63,(anonymous_4)
FN:65,(anonymous_5)
FN:75,(anonymous_6)
FN:82,(anonymous_7)
FN:87,(anonymous_8)
FN:106,(anonymous_9)
FN:109,(anonymous_10)
FN:141,(anonymous_11)
FN:214,(anonymous_12)
FN:219,(anonymous_13)
FN:237,(anonymous_14)
FN:278,(anonymous_15)
FN:292,(anonymous_16)
FN:312,(anonymous_17)
FN:318,(anonymous_18)
FN:333,(anonymous_19)
FN:352,(anonymous_20)
FN:472,(anonymous_21)
FN:477,(anonymous_22)
FN:499,(anonymous_23)
FN:568,(anonymous_24)
FN:583,(anonymous_25)
FN:595,(anonymous_26)
FN:601,(anonymous_27)
FN:616,(anonymous_28)
FNF:29
FNH:5
FNDA:4,(anonymous_0)
FNDA:2,(anonymous_1)
FNDA:2,(anonymous_2)
FNDA:0,(anonymous_3)
FNDA:0,(anonymous_4)
FNDA:0,(anonymous_5)
FNDA:0,(anonymous_6)
FNDA:0,(anonymous_7)
FNDA:0,(anonymous_8)
FNDA:0,(anonymous_9)
FNDA:0,(anonymous_10)
FNDA:0,(anonymous_11)
FNDA:0,(anonymous_12)
FNDA:0,(anonymous_13)
FNDA:0,(anonymous_14)
FNDA:0,(anonymous_15)
FNDA:0,(anonymous_16)
FNDA:0,(anonymous_17)
FNDA:0,(anonymous_18)
FNDA:0,(anonymous_19)
FNDA:4,(anonymous_20)
FNDA:0,(anonymous_21)
FNDA:0,(anonymous_22)
FNDA:0,(anonymous_23)
FNDA:12,(anonymous_24)
FNDA:0,(anonymous_25)
FNDA:0,(anonymous_26)
FNDA:0,(anonymous_27)
FNDA:0,(anonymous_28)
DA:21,1
DA:23,1
DA:25,1
DA:44,4
DA:45,4
DA:46,4
DA:47,4
DA:48,4
DA:49,4
DA:50,4
DA:52,4
DA:53,2
DA:56,4
DA:57,2
DA:61,4
DA:62,0
DA:63,0
DA:64,0
DA:65,0
DA:66,0
DA:67,0
DA:72,0
DA:75,4
DA:76,0
DA:77,0
DA:82,4
DA:83,0
DA:84,0
DA:87,4
DA:88,0
DA:90,0
DA:91,0
DA:92,0
DA:102,0
DA:106,4
DA:107,0
DA:108,0
DA:109,0
DA:110,0
DA:111,0
DA:112,0
DA:117,4
DA:135,4
DA:142,0
DA:143,0
DA:144,0
DA:146,0
DA:215,0
DA:220,0
DA:222,0
DA:223,0
DA:238,0
DA:239,0
DA:279,0
DA:292,0
DA:313,0
DA:319,0
DA:334,0
DA:353,4
DA:355,4
DA:356,0
DA:358,4
DA:473,0
DA:478,0
DA:480,0
DA:481,0
DA:500,0
DA:502,0
DA:569,12
DA:583,0
DA:596,0
DA:602,0
DA:617,0
LF:73
LH:25
BRDA:47,0,0,4
BRDA:47,0,1,4
BRDA:64,1,0,0
BRDA:64,1,1,0
BRDA:66,2,0,0
BRDA:66,2,1,0
BRDA:66,3,0,0
BRDA:66,3,1,0
BRDA:91,4,0,0
BRDA:91,4,1,0
BRDA:91,5,0,0
BRDA:91,5,1,0
BRDA:97,6,0,0
BRDA:97,6,1,0
BRDA:110,7,0,0
BRDA:110,7,1,0
BRDA:111,8,0,0
BRDA:111,8,1,0
BRDA:139,9,0,0
BRDA:139,9,1,4
BRDA:141,10,0,0
BRDA:141,10,1,0
BRDA:143,11,0,0
BRDA:143,11,1,0
BRDA:162,12,0,0
BRDA:162,12,1,0
BRDA:184,13,0,0
BRDA:184,13,1,0
BRDA:200,14,0,0
BRDA:200,14,1,0
BRDA:200,14,2,0
BRDA:207,15,0,0
BRDA:207,15,1,0
BRDA:221,16,0,0
BRDA:221,16,1,0
BRDA:231,17,0,0
BRDA:231,17,1,0
BRDA:259,18,0,0
BRDA:259,18,1,0
BRDA:284,19,0,0
BRDA:284,19,1,0
BRDA:285,20,0,0
BRDA:285,20,1,0
BRDA:289,21,0,0
BRDA:289,21,1,0
BRDA:308,22,0,0
BRDA:308,22,1,0
BRDA:340,23,0,0
BRDA:340,23,1,0
BRDA:340,24,0,0
BRDA:340,24,1,0
BRDA:350,25,0,0
BRDA:350,25,1,4
BRDA:352,26,0,4
BRDA:352,26,1,0
BRDA:355,27,0,0
BRDA:355,27,1,4
BRDA:393,28,0,4
BRDA:393,28,1,0
BRDA:399,29,0,4
BRDA:399,29,1,0
BRDA:399,29,2,0
BRDA:399,29,3,0
BRDA:449,30,0,4
BRDA:449,30,1,0
BRDA:465,31,0,2
BRDA:465,31,1,2
BRDA:479,32,0,0
BRDA:479,32,1,0
BRDA:492,33,0,2
BRDA:492,33,1,2
BRDA:533,34,0,4
BRDA:533,34,1,2
BRDA:574,35,0,12
BRDA:574,35,1,0
BRDA:575,36,0,12
BRDA:575,36,1,0
BRDA:579,37,0,0
BRDA:579,37,1,4
BRDA:591,38,0,0
BRDA:591,38,1,4
BRDA:624,39,0,0
BRDA:624,39,1,4
BRDA:624,40,0,4
BRDA:624,40,1,0
BRDA:633,41,0,4
BRDA:633,41,1,4
BRF:87
BRH:23
end_of_record
